e:\projects\c++ projects\finalproject\finalproject\debug\finalproject.pch
e:\projects\c++ projects\finalproject\finalproject\debug\vc140.pdb
e:\projects\c++ projects\finalproject\finalproject\debug\vc140.idb
e:\projects\c++ projects\finalproject\finalproject\debug\stdafx.obj
e:\projects\c++ projects\finalproject\finalproject\debug\allstudents.obj
e:\projects\c++ projects\finalproject\finalproject\debug\alltakencourses.obj
e:\projects\c++ projects\finalproject\finalproject\debug\course.obj
e:\projects\c++ projects\finalproject\finalproject\debug\finalproject.obj
e:\projects\c++ projects\finalproject\finalproject\debug\graduatecourse.obj
e:\projects\c++ projects\finalproject\finalproject\debug\instructor.obj
e:\projects\c++ projects\finalproject\finalproject\debug\person.obj
e:\projects\c++ projects\finalproject\finalproject\debug\readycourses.obj
e:\projects\c++ projects\finalproject\finalproject\debug\student.obj
e:\projects\c++ projects\finalproject\finalproject\debug\takingcourse.obj
e:\projects\c++ projects\finalproject\finalproject\debug\undergraduatecourse.obj
e:\projects\c++ projects\finalproject\debug\finalproject.ilk
e:\projects\c++ projects\finalproject\debug\finalproject.exe
e:\projects\c++ projects\finalproject\debug\finalproject.pdb
e:\projects\c++ projects\finalproject\finalproject\debug\finalproject.tlog\cl.command.1.tlog
e:\projects\c++ projects\finalproject\finalproject\debug\finalproject.tlog\cl.read.1.tlog
e:\projects\c++ projects\finalproject\finalproject\debug\finalproject.tlog\cl.write.1.tlog
e:\projects\c++ projects\finalproject\finalproject\debug\finalproject.tlog\link.command.1.tlog
e:\projects\c++ projects\finalproject\finalproject\debug\finalproject.tlog\link.read.1.tlog
e:\projects\c++ projects\finalproject\finalproject\debug\finalproject.tlog\link.write.1.tlog
